{"/Users/carlosreinis/Projects/pmv-ads-2024-2-e5-proj-empext-t2-pmv-ads-2024-2-e5-g4-proj-less-reformas/codigo-fonte/web/src/pages/Construction/ConstructionCreate.jsx": {"path":"/Users/carlosreinis/Projects/pmv-ads-2024-2-e5-proj-empext-t2-pmv-ads-2024-2-e5-g4-proj-less-reformas/codigo-fonte/web/src/pages/Construction/ConstructionCreate.jsx","statementMap":{"0":{"start":{"line":6,"column":27},"end":{"line":81,"column":1}},"1":{"start":{"line":7,"column":26},"end":{"line":7,"column":38}},"2":{"start":{"line":8,"column":26},"end":{"line":8,"column":38}},"3":{"start":{"line":9,"column":32},"end":{"line":9,"column":44}},"4":{"start":{"line":11,"column":23},"end":{"line":26,"column":3}},"5":{"start":{"line":12,"column":4},"end":{"line":12,"column":23}},"6":{"start":{"line":14,"column":28},"end":{"line":16,"column":66}},"7":{"start":{"line":17,"column":6},"end":{"line":17,"column":31}},"8":{"start":{"line":19,"column":4},"end":{"line":25,"column":5}},"9":{"start":{"line":20,"column":6},"end":{"line":20,"column":60}},"10":{"start":{"line":22,"column":6},"end":{"line":22,"column":57}},"11":{"start":{"line":23,"column":6},"end":{"line":23,"column":30}},"12":{"start":{"line":24,"column":6},"end":{"line":24,"column":16}},"13":{"start":{"line":28,"column":2},"end":{"line":80,"column":4}},"14":{"start":{"line":39,"column":31},"end":{"line":39,"column":54}},"15":{"start":{"line":50,"column":31},"end":{"line":50,"column":54}},"16":{"start":{"line":61,"column":31},"end":{"line":61,"column":57}},"17":{"start":{"line":73,"column":25},"end":{"line":73,"column":34}}},"fnMap":{"0":{"name":"(anonymous_0)","decl":{"start":{"line":6,"column":27},"end":{"line":6,"column":28}},"loc":{"start":{"line":6,"column":67},"end":{"line":81,"column":1}},"line":6},"1":{"name":"(anonymous_1)","decl":{"start":{"line":11,"column":23},"end":{"line":11,"column":24}},"loc":{"start":{"line":11,"column":36},"end":{"line":26,"column":3}},"line":11},"2":{"name":"(anonymous_2)","decl":{"start":{"line":39,"column":24},"end":{"line":39,"column":25}},"loc":{"start":{"line":39,"column":31},"end":{"line":39,"column":54}},"line":39},"3":{"name":"(anonymous_3)","decl":{"start":{"line":50,"column":24},"end":{"line":50,"column":25}},"loc":{"start":{"line":50,"column":31},"end":{"line":50,"column":54}},"line":50},"4":{"name":"(anonymous_4)","decl":{"start":{"line":61,"column":24},"end":{"line":61,"column":25}},"loc":{"start":{"line":61,"column":31},"end":{"line":61,"column":57}},"line":61},"5":{"name":"(anonymous_5)","decl":{"start":{"line":73,"column":19},"end":{"line":73,"column":20}},"loc":{"start":{"line":73,"column":25},"end":{"line":73,"column":34}},"line":73}},"branchMap":{"0":{"loc":{"start":{"line":19,"column":4},"end":{"line":25,"column":5}},"type":"if","locations":[{"start":{"line":19,"column":4},"end":{"line":25,"column":5}},{"start":{"line":21,"column":11},"end":{"line":25,"column":5}}],"line":19}},"s":{"0":1,"1":10,"2":10,"3":10,"4":10,"5":2,"6":2,"7":2,"8":2,"9":1,"10":1,"11":1,"12":1,"13":10,"14":2,"15":2,"16":2,"17":1},"f":{"0":10,"1":2,"2":2,"3":2,"4":2,"5":1},"b":{"0":[1,1]},"_coverageSchema":"1a1c01bbd47fc00a2c39e90264f33305004495a9","hash":"95df0d02c3b1e953f2f2177aae89f7480e073ef8"}
,"/Users/carlosreinis/Projects/pmv-ads-2024-2-e5-proj-empext-t2-pmv-ads-2024-2-e5-g4-proj-less-reformas/codigo-fonte/web/src/pages/Construction/ConstructionEdit.jsx": {"path":"/Users/carlosreinis/Projects/pmv-ads-2024-2-e5-proj-empext-t2-pmv-ads-2024-2-e5-g4-proj-less-reformas/codigo-fonte/web/src/pages/Construction/ConstructionEdit.jsx","statementMap":{"0":{"start":{"line":5,"column":25},"end":{"line":117,"column":1}},"1":{"start":{"line":6,"column":26},"end":{"line":6,"column":38}},"2":{"start":{"line":7,"column":26},"end":{"line":7,"column":38}},"3":{"start":{"line":8,"column":32},"end":{"line":8,"column":44}},"4":{"start":{"line":10,"column":2},"end":{"line":26,"column":23}},"5":{"start":{"line":11,"column":30},"end":{"line":23,"column":5}},"6":{"start":{"line":12,"column":30},"end":{"line":16,"column":17}},"7":{"start":{"line":17,"column":6},"end":{"line":21,"column":7}},"8":{"start":{"line":18,"column":8},"end":{"line":18,"column":27}},"9":{"start":{"line":19,"column":8},"end":{"line":19,"column":27}},"10":{"start":{"line":20,"column":8},"end":{"line":20,"column":33}},"11":{"start":{"line":22,"column":6},"end":{"line":22,"column":72}},"12":{"start":{"line":22,"column":17},"end":{"line":22,"column":72}},"13":{"start":{"line":25,"column":4},"end":{"line":25,"column":24}},"14":{"start":{"line":28,"column":23},"end":{"line":45,"column":3}},"15":{"start":{"line":29,"column":4},"end":{"line":29,"column":23}},"16":{"start":{"line":31,"column":28},"end":{"line":34,"column":31}},"17":{"start":{"line":36,"column":4},"end":{"line":44,"column":5}},"18":{"start":{"line":37,"column":6},"end":{"line":37,"column":64}},"19":{"start":{"line":38,"column":11},"end":{"line":44,"column":5}},"20":{"start":{"line":39,"column":6},"end":{"line":39,"column":37}},"21":{"start":{"line":40,"column":6},"end":{"line":40,"column":16}},"22":{"start":{"line":42,"column":6},"end":{"line":42,"column":27}},"23":{"start":{"line":43,"column":6},"end":{"line":43,"column":16}},"24":{"start":{"line":47,"column":23},"end":{"line":56,"column":3}},"25":{"start":{"line":48,"column":22},"end":{"line":48,"column":91}},"26":{"start":{"line":50,"column":4},"end":{"line":55,"column":5}},"27":{"start":{"line":51,"column":6},"end":{"line":51,"column":62}},"28":{"start":{"line":53,"column":6},"end":{"line":53,"column":30}},"29":{"start":{"line":54,"column":6},"end":{"line":54,"column":16}},"30":{"start":{"line":58,"column":2},"end":{"line":116,"column":4}},"31":{"start":{"line":69,"column":31},"end":{"line":69,"column":54}},"32":{"start":{"line":80,"column":31},"end":{"line":80,"column":54}},"33":{"start":{"line":91,"column":31},"end":{"line":91,"column":57}},"34":{"start":{"line":109,"column":25},"end":{"line":109,"column":34}}},"fnMap":{"0":{"name":"(anonymous_0)","decl":{"start":{"line":5,"column":25},"end":{"line":5,"column":26}},"loc":{"start":{"line":5,"column":81},"end":{"line":117,"column":1}},"line":5},"1":{"name":"(anonymous_1)","decl":{"start":{"line":10,"column":12},"end":{"line":10,"column":13}},"loc":{"start":{"line":10,"column":18},"end":{"line":26,"column":3}},"line":10},"2":{"name":"(anonymous_2)","decl":{"start":{"line":11,"column":30},"end":{"line":11,"column":31}},"loc":{"start":{"line":11,"column":42},"end":{"line":23,"column":5}},"line":11},"3":{"name":"(anonymous_3)","decl":{"start":{"line":28,"column":23},"end":{"line":28,"column":24}},"loc":{"start":{"line":28,"column":36},"end":{"line":45,"column":3}},"line":28},"4":{"name":"(anonymous_4)","decl":{"start":{"line":47,"column":23},"end":{"line":47,"column":24}},"loc":{"start":{"line":47,"column":35},"end":{"line":56,"column":3}},"line":47},"5":{"name":"(anonymous_5)","decl":{"start":{"line":69,"column":24},"end":{"line":69,"column":25}},"loc":{"start":{"line":69,"column":31},"end":{"line":69,"column":54}},"line":69},"6":{"name":"(anonymous_6)","decl":{"start":{"line":80,"column":24},"end":{"line":80,"column":25}},"loc":{"start":{"line":80,"column":31},"end":{"line":80,"column":54}},"line":80},"7":{"name":"(anonymous_7)","decl":{"start":{"line":91,"column":24},"end":{"line":91,"column":25}},"loc":{"start":{"line":91,"column":31},"end":{"line":91,"column":57}},"line":91},"8":{"name":"(anonymous_8)","decl":{"start":{"line":109,"column":19},"end":{"line":109,"column":20}},"loc":{"start":{"line":109,"column":25},"end":{"line":109,"column":34}},"line":109}},"branchMap":{"0":{"loc":{"start":{"line":17,"column":6},"end":{"line":21,"column":7}},"type":"if","locations":[{"start":{"line":17,"column":6},"end":{"line":21,"column":7}},{"start":{},"end":{}}],"line":17},"1":{"loc":{"start":{"line":22,"column":6},"end":{"line":22,"column":72}},"type":"if","locations":[{"start":{"line":22,"column":6},"end":{"line":22,"column":72}},{"start":{},"end":{}}],"line":22},"2":{"loc":{"start":{"line":36,"column":4},"end":{"line":44,"column":5}},"type":"if","locations":[{"start":{"line":36,"column":4},"end":{"line":44,"column":5}},{"start":{"line":38,"column":11},"end":{"line":44,"column":5}}],"line":36},"3":{"loc":{"start":{"line":38,"column":11},"end":{"line":44,"column":5}},"type":"if","locations":[{"start":{"line":38,"column":11},"end":{"line":44,"column":5}},{"start":{"line":41,"column":11},"end":{"line":44,"column":5}}],"line":38},"4":{"loc":{"start":{"line":38,"column":15},"end":{"line":38,"column":38}},"type":"binary-expr","locations":[{"start":{"line":38,"column":15},"end":{"line":38,"column":19}},{"start":{"line":38,"column":23},"end":{"line":38,"column":38}}],"line":38},"5":{"loc":{"start":{"line":50,"column":4},"end":{"line":55,"column":5}},"type":"if","locations":[{"start":{"line":50,"column":4},"end":{"line":55,"column":5}},{"start":{"line":52,"column":11},"end":{"line":55,"column":5}}],"line":50}},"s":{"0":1,"1":16,"2":16,"3":16,"4":16,"5":6,"6":6,"7":6,"8":6,"9":6,"10":6,"11":6,"12":0,"13":6,"14":16,"15":2,"16":2,"17":2,"18":0,"19":2,"20":0,"21":0,"22":2,"23":2,"24":16,"25":1,"26":1,"27":0,"28":1,"29":1,"30":16,"31":2,"32":2,"33":1,"34":1},"f":{"0":16,"1":6,"2":6,"3":2,"4":1,"5":2,"6":2,"7":1,"8":1},"b":{"0":[6,0],"1":[0,6],"2":[0,2],"3":[0,2],"4":[2,2],"5":[0,1]},"_coverageSchema":"1a1c01bbd47fc00a2c39e90264f33305004495a9","hash":"214fac2d9e57de3dd102932bd63e7e0e98682637"}
,"/Users/carlosreinis/Projects/pmv-ads-2024-2-e5-proj-empext-t2-pmv-ads-2024-2-e5-g4-proj-less-reformas/codigo-fonte/web/src/pages/EditUser/index.jsx": {"path":"/Users/carlosreinis/Projects/pmv-ads-2024-2-e5-proj-empext-t2-pmv-ads-2024-2-e5-g4-proj-less-reformas/codigo-fonte/web/src/pages/EditUser/index.jsx","statementMap":{"0":{"start":{"line":5,"column":17},"end":{"line":130,"column":1}},"1":{"start":{"line":6,"column":28},"end":{"line":6,"column":40}},"2":{"start":{"line":7,"column":34},"end":{"line":7,"column":46}},"3":{"start":{"line":8,"column":28},"end":{"line":8,"column":40}},"4":{"start":{"line":9,"column":32},"end":{"line":9,"column":47}},"5":{"start":{"line":10,"column":19},"end":{"line":10,"column":32}},"6":{"start":{"line":12,"column":2},"end":{"line":23,"column":9}},"7":{"start":{"line":13,"column":22},"end":{"line":20,"column":5}},"8":{"start":{"line":16,"column":10},"end":{"line":16,"column":42}},"9":{"start":{"line":17,"column":6},"end":{"line":19,"column":7}},"10":{"start":{"line":18,"column":8},"end":{"line":18,"column":37}},"11":{"start":{"line":22,"column":4},"end":{"line":22,"column":16}},"12":{"start":{"line":25,"column":23},"end":{"line":40,"column":3}},"13":{"start":{"line":26,"column":4},"end":{"line":26,"column":23}},"14":{"start":{"line":27,"column":4},"end":{"line":27,"column":21}},"15":{"start":{"line":28,"column":4},"end":{"line":28,"column":17}},"16":{"start":{"line":30,"column":22},"end":{"line":33,"column":6}},"17":{"start":{"line":34,"column":4},"end":{"line":38,"column":5}},"18":{"start":{"line":35,"column":6},"end":{"line":35,"column":30}},"19":{"start":{"line":37,"column":6},"end":{"line":37,"column":46}},"20":{"start":{"line":39,"column":4},"end":{"line":39,"column":22}},"21":{"start":{"line":42,"column":23},"end":{"line":73,"column":3}},"22":{"start":{"line":43,"column":25},"end":{"line":45,"column":5}},"23":{"start":{"line":46,"column":4},"end":{"line":72,"column":5}},"24":{"start":{"line":50,"column":10},"end":{"line":50,"column":42}},"25":{"start":{"line":52,"column":6},"end":{"line":55,"column":7}},"26":{"start":{"line":53,"column":8},"end":{"line":53,"column":39}},"27":{"start":{"line":54,"column":8},"end":{"line":54,"column":15}},"28":{"start":{"line":57,"column":21},"end":{"line":57,"column":36}},"29":{"start":{"line":59,"column":6},"end":{"line":71,"column":7}},"30":{"start":{"line":60,"column":39},"end":{"line":60,"column":88}},"31":{"start":{"line":62,"column":8},"end":{"line":68,"column":9}},"32":{"start":{"line":63,"column":10},"end":{"line":63,"column":40}},"33":{"start":{"line":65,"column":10},"end":{"line":65,"column":40}},"34":{"start":{"line":66,"column":10},"end":{"line":66,"column":47}},"35":{"start":{"line":67,"column":10},"end":{"line":67,"column":29}},"36":{"start":{"line":70,"column":8},"end":{"line":70,"column":32}},"37":{"start":{"line":75,"column":2},"end":{"line":129,"column":4}},"38":{"start":{"line":90,"column":31},"end":{"line":90,"column":55}},"39":{"start":{"line":103,"column":31},"end":{"line":103,"column":58}}},"fnMap":{"0":{"name":"(anonymous_0)","decl":{"start":{"line":5,"column":17},"end":{"line":5,"column":18}},"loc":{"start":{"line":5,"column":35},"end":{"line":130,"column":1}},"line":5},"1":{"name":"(anonymous_1)","decl":{"start":{"line":12,"column":12},"end":{"line":12,"column":13}},"loc":{"start":{"line":12,"column":18},"end":{"line":23,"column":3}},"line":12},"2":{"name":"(anonymous_2)","decl":{"start":{"line":13,"column":22},"end":{"line":13,"column":23}},"loc":{"start":{"line":13,"column":34},"end":{"line":20,"column":5}},"line":13},"3":{"name":"(anonymous_3)","decl":{"start":{"line":25,"column":23},"end":{"line":25,"column":24}},"loc":{"start":{"line":25,"column":36},"end":{"line":40,"column":3}},"line":25},"4":{"name":"(anonymous_4)","decl":{"start":{"line":42,"column":23},"end":{"line":42,"column":24}},"loc":{"start":{"line":42,"column":35},"end":{"line":73,"column":3}},"line":42},"5":{"name":"(anonymous_5)","decl":{"start":{"line":90,"column":24},"end":{"line":90,"column":25}},"loc":{"start":{"line":90,"column":31},"end":{"line":90,"column":55}},"line":90},"6":{"name":"(anonymous_6)","decl":{"start":{"line":103,"column":24},"end":{"line":103,"column":25}},"loc":{"start":{"line":103,"column":31},"end":{"line":103,"column":58}},"line":103}},"branchMap":{"0":{"loc":{"start":{"line":17,"column":6},"end":{"line":19,"column":7}},"type":"if","locations":[{"start":{"line":17,"column":6},"end":{"line":19,"column":7}},{"start":{},"end":{}}],"line":17},"1":{"loc":{"start":{"line":34,"column":4},"end":{"line":38,"column":5}},"type":"if","locations":[{"start":{"line":34,"column":4},"end":{"line":38,"column":5}},{"start":{"line":36,"column":11},"end":{"line":38,"column":5}}],"line":34},"2":{"loc":{"start":{"line":46,"column":4},"end":{"line":72,"column":5}},"type":"if","locations":[{"start":{"line":46,"column":4},"end":{"line":72,"column":5}},{"start":{},"end":{}}],"line":46},"3":{"loc":{"start":{"line":52,"column":6},"end":{"line":55,"column":7}},"type":"if","locations":[{"start":{"line":52,"column":6},"end":{"line":55,"column":7}},{"start":{},"end":{}}],"line":52},"4":{"loc":{"start":{"line":62,"column":8},"end":{"line":68,"column":9}},"type":"if","locations":[{"start":{"line":62,"column":8},"end":{"line":68,"column":9}},{"start":{"line":64,"column":15},"end":{"line":68,"column":9}}],"line":62},"5":{"loc":{"start":{"line":106,"column":11},"end":{"line":106,"column":72}},"type":"binary-expr","locations":[{"start":{"line":106,"column":11},"end":{"line":106,"column":16}},{"start":{"line":106,"column":20},"end":{"line":106,"column":72}}],"line":106},"6":{"loc":{"start":{"line":112,"column":13},"end":{"line":112,"column":52}},"type":"cond-expr","locations":[{"start":{"line":112,"column":23},"end":{"line":112,"column":38}},{"start":{"line":112,"column":41},"end":{"line":112,"column":52}}],"line":112}},"s":{"0":1,"1":22,"2":22,"3":22,"4":22,"5":22,"6":22,"7":9,"8":9,"9":9,"10":8,"11":9,"12":22,"13":2,"14":2,"15":2,"16":2,"17":2,"18":1,"19":1,"20":2,"21":22,"22":5,"23":5,"24":4,"25":4,"26":1,"27":1,"28":3,"29":3,"30":3,"31":2,"32":1,"33":1,"34":1,"35":1,"36":2,"37":22,"38":2,"39":2},"f":{"0":22,"1":9,"2":9,"3":2,"4":5,"5":2,"6":2},"b":{"0":[8,1],"1":[1,1],"2":[4,1],"3":[1,3],"4":[1,1],"5":[22,5],"6":[2,20]},"_coverageSchema":"1a1c01bbd47fc00a2c39e90264f33305004495a9","hash":"aa539e789c5a1abf7eddba7c69fd061cd4d5b5e1"}
,"/Users/carlosreinis/Projects/pmv-ads-2024-2-e5-proj-empext-t2-pmv-ads-2024-2-e5-g4-proj-less-reformas/codigo-fonte/web/src/pages/Login/index.jsx": {"path":"/Users/carlosreinis/Projects/pmv-ads-2024-2-e5-proj-empext-t2-pmv-ads-2024-2-e5-g4-proj-less-reformas/codigo-fonte/web/src/pages/Login/index.jsx","statementMap":{"0":{"start":{"line":7,"column":14},"end":{"line":131,"column":1}},"1":{"start":{"line":8,"column":28},"end":{"line":8,"column":40}},"2":{"start":{"line":9,"column":34},"end":{"line":9,"column":46}},"3":{"start":{"line":10,"column":28},"end":{"line":10,"column":40}},"4":{"start":{"line":11,"column":32},"end":{"line":11,"column":47}},"5":{"start":{"line":12,"column":44},"end":{"line":12,"column":59}},"6":{"start":{"line":13,"column":19},"end":{"line":13,"column":32}},"7":{"start":{"line":15,"column":22},"end":{"line":30,"column":3}},"8":{"start":{"line":16,"column":4},"end":{"line":16,"column":23}},"9":{"start":{"line":17,"column":4},"end":{"line":17,"column":21}},"10":{"start":{"line":18,"column":4},"end":{"line":18,"column":17}},"11":{"start":{"line":20,"column":22},"end":{"line":23,"column":6}},"12":{"start":{"line":24,"column":4},"end":{"line":28,"column":5}},"13":{"start":{"line":25,"column":6},"end":{"line":25,"column":30}},"14":{"start":{"line":27,"column":6},"end":{"line":27,"column":20}},"15":{"start":{"line":29,"column":4},"end":{"line":29,"column":22}},"16":{"start":{"line":32,"column":25},"end":{"line":64,"column":3}},"17":{"start":{"line":33,"column":4},"end":{"line":33,"column":23}},"18":{"start":{"line":34,"column":4},"end":{"line":34,"column":21}},"19":{"start":{"line":35,"column":4},"end":{"line":35,"column":17}},"20":{"start":{"line":38,"column":25},"end":{"line":38,"column":53}},"21":{"start":{"line":39,"column":4},"end":{"line":43,"column":5}},"22":{"start":{"line":40,"column":6},"end":{"line":40,"column":44}},"23":{"start":{"line":41,"column":6},"end":{"line":41,"column":24}},"24":{"start":{"line":42,"column":6},"end":{"line":42,"column":13}},"25":{"start":{"line":46,"column":4},"end":{"line":50,"column":5}},"26":{"start":{"line":47,"column":6},"end":{"line":47,"column":43}},"27":{"start":{"line":48,"column":6},"end":{"line":48,"column":24}},"28":{"start":{"line":49,"column":6},"end":{"line":49,"column":13}},"29":{"start":{"line":52,"column":22},"end":{"line":55,"column":6}},"30":{"start":{"line":56,"column":4},"end":{"line":62,"column":5}},"31":{"start":{"line":57,"column":6},"end":{"line":57,"column":30}},"32":{"start":{"line":59,"column":6},"end":{"line":61,"column":8}},"33":{"start":{"line":63,"column":4},"end":{"line":63,"column":22}},"34":{"start":{"line":66,"column":2},"end":{"line":130,"column":4}},"35":{"start":{"line":90,"column":31},"end":{"line":90,"column":55}},"36":{"start":{"line":106,"column":31},"end":{"line":106,"column":58}},"37":{"start":{"line":123,"column":27},"end":{"line":123,"column":59}}},"fnMap":{"0":{"name":"(anonymous_0)","decl":{"start":{"line":7,"column":14},"end":{"line":7,"column":15}},"loc":{"start":{"line":7,"column":20},"end":{"line":131,"column":1}},"line":7},"1":{"name":"(anonymous_1)","decl":{"start":{"line":15,"column":22},"end":{"line":15,"column":23}},"loc":{"start":{"line":15,"column":35},"end":{"line":30,"column":3}},"line":15},"2":{"name":"(anonymous_2)","decl":{"start":{"line":32,"column":25},"end":{"line":32,"column":26}},"loc":{"start":{"line":32,"column":38},"end":{"line":64,"column":3}},"line":32},"3":{"name":"(anonymous_3)","decl":{"start":{"line":90,"column":24},"end":{"line":90,"column":25}},"loc":{"start":{"line":90,"column":31},"end":{"line":90,"column":55}},"line":90},"4":{"name":"(anonymous_4)","decl":{"start":{"line":106,"column":24},"end":{"line":106,"column":25}},"loc":{"start":{"line":106,"column":31},"end":{"line":106,"column":58}},"line":106},"5":{"name":"(anonymous_5)","decl":{"start":{"line":123,"column":21},"end":{"line":123,"column":22}},"loc":{"start":{"line":123,"column":27},"end":{"line":123,"column":59}},"line":123}},"branchMap":{"0":{"loc":{"start":{"line":24,"column":4},"end":{"line":28,"column":5}},"type":"if","locations":[{"start":{"line":24,"column":4},"end":{"line":28,"column":5}},{"start":{"line":26,"column":11},"end":{"line":28,"column":5}}],"line":24},"1":{"loc":{"start":{"line":39,"column":4},"end":{"line":43,"column":5}},"type":"if","locations":[{"start":{"line":39,"column":4},"end":{"line":43,"column":5}},{"start":{},"end":{}}],"line":39},"2":{"loc":{"start":{"line":46,"column":4},"end":{"line":50,"column":5}},"type":"if","locations":[{"start":{"line":46,"column":4},"end":{"line":50,"column":5}},{"start":{},"end":{}}],"line":46},"3":{"loc":{"start":{"line":56,"column":4},"end":{"line":62,"column":5}},"type":"if","locations":[{"start":{"line":56,"column":4},"end":{"line":62,"column":5}},{"start":{"line":58,"column":11},"end":{"line":62,"column":5}}],"line":56},"4":{"loc":{"start":{"line":74,"column":13},"end":{"line":74,"column":50}},"type":"cond-expr","locations":[{"start":{"line":74,"column":29},"end":{"line":74,"column":40}},{"start":{"line":74,"column":43},"end":{"line":74,"column":50}}],"line":74},"5":{"loc":{"start":{"line":77,"column":24},"end":{"line":77,"column":68}},"type":"cond-expr","locations":[{"start":{"line":77,"column":40},"end":{"line":77,"column":54}},{"start":{"line":77,"column":57},"end":{"line":77,"column":68}}],"line":77},"6":{"loc":{"start":{"line":110,"column":11},"end":{"line":110,"column":72}},"type":"binary-expr","locations":[{"start":{"line":110,"column":11},"end":{"line":110,"column":16}},{"start":{"line":110,"column":20},"end":{"line":110,"column":72}}],"line":110},"7":{"loc":{"start":{"line":116,"column":13},"end":{"line":116,"column":79}},"type":"cond-expr","locations":[{"start":{"line":116,"column":23},"end":{"line":116,"column":38}},{"start":{"line":116,"column":41},"end":{"line":116,"column":79}}],"line":116},"8":{"loc":{"start":{"line":116,"column":41},"end":{"line":116,"column":79}},"type":"cond-expr","locations":[{"start":{"line":116,"column":57},"end":{"line":116,"column":68}},{"start":{"line":116,"column":71},"end":{"line":116,"column":79}}],"line":116},"9":{"loc":{"start":{"line":120,"column":11},"end":{"line":120,"column":69}},"type":"cond-expr","locations":[{"start":{"line":120,"column":27},"end":{"line":120,"column":46}},{"start":{"line":120,"column":49},"end":{"line":120,"column":69}}],"line":120},"10":{"loc":{"start":{"line":125,"column":13},"end":{"line":125,"column":58}},"type":"cond-expr","locations":[{"start":{"line":125,"column":29},"end":{"line":125,"column":37}},{"start":{"line":125,"column":40},"end":{"line":125,"column":58}}],"line":125}},"s":{"0":1,"1":45,"2":45,"3":45,"4":45,"5":45,"6":45,"7":45,"8":4,"9":4,"10":4,"11":4,"12":4,"13":2,"14":2,"15":4,"16":45,"17":4,"18":4,"19":4,"20":4,"21":4,"22":1,"23":1,"24":1,"25":3,"26":1,"27":1,"28":1,"29":2,"30":2,"31":1,"32":1,"33":2,"34":45,"35":8,"36":8,"37":5},"f":{"0":45,"1":4,"2":4,"3":8,"4":8,"5":5},"b":{"0":[2,2],"1":[1,3],"2":[1,2],"3":[1,1],"4":[19,26],"5":[19,26],"6":[45,5],"7":[6,39],"8":[17,22],"9":[19,26],"10":[19,26]},"_coverageSchema":"1a1c01bbd47fc00a2c39e90264f33305004495a9","hash":"8e48415d405020a51931de5dfa12aa5aca1949de"}
}
