TN:
SF:src/pages/Construction/ConstructionCreate.jsx
FN:6,(anonymous_0)
FN:11,(anonymous_1)
FN:39,(anonymous_2)
FN:50,(anonymous_3)
FN:61,(anonymous_4)
FN:73,(anonymous_5)
FNF:6
FNH:6
FNDA:10,(anonymous_0)
FNDA:2,(anonymous_1)
FNDA:2,(anonymous_2)
FNDA:2,(anonymous_3)
FNDA:2,(anonymous_4)
FNDA:1,(anonymous_5)
DA:6,1
DA:7,10
DA:8,10
DA:9,10
DA:11,10
DA:12,2
DA:14,2
DA:17,2
DA:19,2
DA:20,1
DA:22,1
DA:23,1
DA:24,1
DA:28,10
DA:39,2
DA:50,2
DA:61,2
DA:73,1
LF:18
LH:18
BRDA:19,0,0,1
BRDA:19,0,1,1
BRF:2
BRH:2
end_of_record
TN:
SF:src/pages/Construction/ConstructionEdit.jsx
FN:5,(anonymous_0)
FN:10,(anonymous_1)
FN:11,(anonymous_2)
FN:28,(anonymous_3)
FN:47,(anonymous_4)
FN:69,(anonymous_5)
FN:80,(anonymous_6)
FN:91,(anonymous_7)
FN:109,(anonymous_8)
FNF:9
FNH:9
FNDA:16,(anonymous_0)
FNDA:6,(anonymous_1)
FNDA:6,(anonymous_2)
FNDA:2,(anonymous_3)
FNDA:1,(anonymous_4)
FNDA:2,(anonymous_5)
FNDA:2,(anonymous_6)
FNDA:1,(anonymous_7)
FNDA:1,(anonymous_8)
DA:5,1
DA:6,16
DA:7,16
DA:8,16
DA:10,16
DA:11,6
DA:12,6
DA:17,6
DA:18,6
DA:19,6
DA:20,6
DA:22,6
DA:25,6
DA:28,16
DA:29,2
DA:31,2
DA:36,2
DA:37,0
DA:38,2
DA:39,0
DA:40,0
DA:42,2
DA:43,2
DA:47,16
DA:48,1
DA:50,1
DA:51,0
DA:53,1
DA:54,1
DA:58,16
DA:69,2
DA:80,2
DA:91,1
DA:109,1
LF:34
LH:30
BRDA:17,0,0,6
BRDA:17,0,1,0
BRDA:22,1,0,0
BRDA:22,1,1,6
BRDA:36,2,0,0
BRDA:36,2,1,2
BRDA:38,3,0,0
BRDA:38,3,1,2
BRDA:38,4,0,2
BRDA:38,4,1,2
BRDA:50,5,0,0
BRDA:50,5,1,1
BRF:12
BRH:7
end_of_record
TN:
SF:src/pages/EditUser/index.jsx
FN:5,(anonymous_0)
FN:12,(anonymous_1)
FN:13,(anonymous_2)
FN:25,(anonymous_3)
FN:42,(anonymous_4)
FN:90,(anonymous_5)
FN:103,(anonymous_6)
FNF:7
FNH:7
FNDA:22,(anonymous_0)
FNDA:9,(anonymous_1)
FNDA:9,(anonymous_2)
FNDA:2,(anonymous_3)
FNDA:5,(anonymous_4)
FNDA:2,(anonymous_5)
FNDA:2,(anonymous_6)
DA:5,1
DA:6,22
DA:7,22
DA:8,22
DA:9,22
DA:10,22
DA:12,22
DA:13,9
DA:16,9
DA:17,9
DA:18,8
DA:22,9
DA:25,22
DA:26,2
DA:27,2
DA:28,2
DA:30,2
DA:34,2
DA:35,1
DA:37,1
DA:39,2
DA:42,22
DA:43,5
DA:46,5
DA:50,4
DA:52,4
DA:53,1
DA:54,1
DA:57,3
DA:59,3
DA:60,3
DA:62,2
DA:63,1
DA:65,1
DA:66,1
DA:67,1
DA:70,2
DA:75,22
DA:90,2
DA:103,2
LF:40
LH:40
BRDA:17,0,0,8
BRDA:17,0,1,1
BRDA:34,1,0,1
BRDA:34,1,1,1
BRDA:46,2,0,4
BRDA:46,2,1,1
BRDA:52,3,0,1
BRDA:52,3,1,3
BRDA:62,4,0,1
BRDA:62,4,1,1
BRDA:106,5,0,22
BRDA:106,5,1,5
BRDA:112,6,0,2
BRDA:112,6,1,20
BRF:14
BRH:14
end_of_record
TN:
SF:src/pages/Login/index.jsx
FN:7,(anonymous_0)
FN:15,(anonymous_1)
FN:32,(anonymous_2)
FN:90,(anonymous_3)
FN:106,(anonymous_4)
FN:123,(anonymous_5)
FNF:6
FNH:6
FNDA:45,(anonymous_0)
FNDA:4,(anonymous_1)
FNDA:4,(anonymous_2)
FNDA:8,(anonymous_3)
FNDA:8,(anonymous_4)
FNDA:5,(anonymous_5)
DA:7,1
DA:8,45
DA:9,45
DA:10,45
DA:11,45
DA:12,45
DA:13,45
DA:15,45
DA:16,4
DA:17,4
DA:18,4
DA:20,4
DA:24,4
DA:25,2
DA:27,2
DA:29,4
DA:32,45
DA:33,4
DA:34,4
DA:35,4
DA:38,4
DA:39,4
DA:40,1
DA:41,1
DA:42,1
DA:46,3
DA:47,1
DA:48,1
DA:49,1
DA:52,2
DA:56,2
DA:57,1
DA:59,1
DA:63,2
DA:66,45
DA:90,8
DA:106,8
DA:123,5
LF:38
LH:38
BRDA:24,0,0,2
BRDA:24,0,1,2
BRDA:39,1,0,1
BRDA:39,1,1,3
BRDA:46,2,0,1
BRDA:46,2,1,2
BRDA:56,3,0,1
BRDA:56,3,1,1
BRDA:74,4,0,19
BRDA:74,4,1,26
BRDA:77,5,0,19
BRDA:77,5,1,26
BRDA:110,6,0,45
BRDA:110,6,1,5
BRDA:116,7,0,6
BRDA:116,7,1,39
BRDA:116,8,0,17
BRDA:116,8,1,22
BRDA:120,9,0,19
BRDA:120,9,1,26
BRDA:125,10,0,19
BRDA:125,10,1,26
BRF:22
BRH:22
end_of_record
